<?xml version="1.0" encoding="UTF-8"?>
<!-- Generated by org.testng.reporters.JUnitReportReporter -->
<testsuite hostname="Valentin-Pc" failures="0" tests="1" name="com.solvd.carina.demo.HelloWorld" time="0.033" errors="0" timestamp="2022-11-02T21:17:22 ART" skipped="0">
  <testcase classname="com.solvd.carina.demo.HelloWorld" name="helloWorld" time="0.033"/>
  <system-out/>
</testsuite> <!-- com.solvd.carina.demo.HelloWorld -->
